[debug] [2023-04-11T19:25:05.153Z] ----------------------------------------------------------------------
[debug] [2023-04-11T19:25:05.155Z] Command:       C:\Program Files\nodejs\node.exe C:\Users\Tesla\AppData\Roaming\npm\node_modules\firebase-tools\lib\bin\firebase.js init
[debug] [2023-04-11T19:25:05.156Z] CLI Version:   11.25.3
[debug] [2023-04-11T19:25:05.156Z] Platform:      win32
[debug] [2023-04-11T19:25:05.156Z] Node Version:  v16.13.0
[debug] [2023-04-11T19:25:05.157Z] Time:          Wed Apr 12 2023 00:55:05 GMT+0530 (India Standard Time)
[debug] [2023-04-11T19:25:05.157Z] ----------------------------------------------------------------------
[debug] 
[debug] [2023-04-11T19:25:05.160Z] >>> [apiv2][query] GET https://firebase-public.firebaseio.com/cli.json [none]
[debug] [2023-04-11T19:25:05.179Z] > command requires scopes: ["email","openid","https://www.googleapis.com/auth/cloudplatformprojects.readonly","https://www.googleapis.com/auth/firebase","https://www.googleapis.com/auth/cloud-platform"]
[debug] [2023-04-11T19:25:05.180Z] > authorizing via signed-in user (dpnr915@gmail.com)
[info] 
     ######## #### ########  ######## ########     ###     ######  ########
     ##        ##  ##     ## ##       ##     ##  ##   ##  ##       ##
     ######    ##  ########  ######   ########  #########  ######  ######
     ##        ##  ##    ##  ##       ##     ## ##     ##       ## ##
     ##       #### ##     ## ######## ########  ##     ##  ######  ########

You're about to initialize a Firebase project in this directory:

  D:\gol-server

[debug] [2023-04-11T19:25:05.758Z] <<< [apiv2][status] GET https://firebase-public.firebaseio.com/cli.json 200
[debug] [2023-04-11T19:25:05.758Z] <<< [apiv2][body] GET https://firebase-public.firebaseio.com/cli.json {"cloudBuildErrorAfter":1594252800000,"cloudBuildWarnAfter":1590019200000,"defaultNode10After":1594252800000,"minVersion":"3.0.5","node8DeploysDisabledAfter":1613390400000,"node8RuntimeDisabledAfter":1615809600000,"node8WarnAfter":1600128000000}
[info] 
=== Project Setup
[info] 
[info] First, let's associate this project directory with a Firebase project.
[info] You can create multiple project aliases by running firebase use --add, 
[info] but for now we'll just set up a default project.
[info] 
[debug] [2023-04-11T19:31:13.224Z] > refreshing access token with scopes: []
[debug] [2023-04-11T19:31:13.225Z] >>> [apiv2][query] POST https://www.googleapis.com/oauth2/v3/token [none]
[debug] [2023-04-11T19:31:13.225Z] >>> [apiv2][body] POST https://www.googleapis.com/oauth2/v3/token [omitted]
[debug] [2023-04-11T19:31:13.383Z] <<< [apiv2][status] POST https://www.googleapis.com/oauth2/v3/token 200
[debug] [2023-04-11T19:31:13.383Z] <<< [apiv2][body] POST https://www.googleapis.com/oauth2/v3/token [omitted]
[debug] [2023-04-11T19:31:13.455Z] >>> [apiv2][query] GET https://firebase.googleapis.com/v1beta1/projects pageSize=100
[debug] [2023-04-11T19:31:14.166Z] <<< [apiv2][status] GET https://firebase.googleapis.com/v1beta1/projects 200
[debug] [2023-04-11T19:31:14.166Z] <<< [apiv2][body] GET https://firebase.googleapis.com/v1beta1/projects [omitted]
[info] i  Using project gol-server-bda09 (gol-server) 
[info] 
=== Hosting Setup
[info] 
[info] Your public directory is the folder (relative to your project directory) that
[info] will contain Hosting assets to be uploaded with firebase deploy. If you
[info] have a build process for your assets, use your build's output directory.
[info] 
[debug] [2023-04-11T19:32:31.616Z] >>> [apiv2][query] GET https://www.gstatic.com/firebasejs/releases.json [none]
[debug] [2023-04-11T19:32:31.736Z] <<< [apiv2][status] GET https://www.gstatic.com/firebasejs/releases.json 200
